[05-Jan-2026 01:58:18 UTC] PHP Parse error:  syntax error, unexpected '}', expecting ';' in /home/syjy0p3q5yjb/public_html/stressreleasor.com/function_store.php on line 1516
[05-Jan-2026 01:59:18 UTC] PHP Parse error:  syntax error, unexpected '}', expecting ';' in /home/syjy0p3q5yjb/public_html/stressreleasor.com/function_store.php on line 1508
[05-Jan-2026 01:59:40 UTC] PHP Parse error:  syntax error, unexpected '}', expecting ';' in /home/syjy0p3q5yjb/public_html/stressreleasor.com/function_store.php on line 1554
[05-Jan-2026 02:00:14 UTC] PHP Parse error:  syntax error, unexpected '}', expecting ';' in /home/syjy0p3q5yjb/public_html/stressreleasor.com/function_store.php on line 1554
[05-Jan-2026 02:01:14 UTC] PHP Parse error:  syntax error, unexpected '}', expecting ';' in /home/syjy0p3q5yjb/public_html/stressreleasor.com/function_store.php on line 1517
[05-Jan-2026 02:02:46 UTC] PHP Parse error:  syntax error, unexpected '}', expecting ';' in /home/syjy0p3q5yjb/public_html/stressreleasor.com/function_store.php on line 1506
[05-Jan-2026 02:04:56 UTC] PHP Parse error:  syntax error, unexpected '}', expecting ';' in /home/syjy0p3q5yjb/public_html/stressreleasor.com/function_store.php on line 1517
[05-Jan-2026 02:05:31 UTC] PHP Parse error:  syntax error, unexpected '}', expecting ';' in /home/syjy0p3q5yjb/public_html/stressreleasor.com/function_store.php on line 1522
[05-Jan-2026 02:06:13 UTC] PHP Parse error:  syntax error, unexpected '}', expecting ';' in /home/syjy0p3q5yjb/public_html/stressreleasor.com/function_store.php on line 1517
[05-Jan-2026 02:06:56 UTC] PHP Parse error:  syntax error, unexpected '}', expecting ';' in /home/syjy0p3q5yjb/public_html/stressreleasor.com/function_store.php on line 1506
[05-Jan-2026 02:08:22 UTC] PHP Parse error:  syntax error, unexpected '}', expecting ';' in /home/syjy0p3q5yjb/public_html/stressreleasor.com/function_store.php on line 1506
[05-Jan-2026 02:13:30 UTC] PHP Parse error:  syntax error, unexpected '}', expecting ';' in /home/syjy0p3q5yjb/public_html/stressreleasor.com/function_store.php on line 53
[05-Jan-2026 04:03:31 UTC] PHP Parse error:  syntax error, unexpected '$save_sql' (T_VARIABLE) in /home/syjy0p3q5yjb/public_html/stressreleasor.com/function_store.php on line 91
[05-Jan-2026 04:07:15 UTC] PHP Parse error:  syntax error, unexpected '$save_sql' (T_VARIABLE) in /home/syjy0p3q5yjb/public_html/stressreleasor.com/function_store.php on line 92
[05-Jan-2026 04:07:47 UTC] PHP Parse error:  syntax error, unexpected '$save_sql' (T_VARIABLE) in /home/syjy0p3q5yjb/public_html/stressreleasor.com/function_store.php on line 92
[05-Jan-2026 04:08:26 UTC] PHP Parse error:  syntax error, unexpected '$save_sql' (T_VARIABLE) in /home/syjy0p3q5yjb/public_html/stressreleasor.com/function_store.php on line 92
[05-Jan-2026 04:09:20 UTC] PHP Parse error:  syntax error, unexpected '$save_sql' (T_VARIABLE) in /home/syjy0p3q5yjb/public_html/stressreleasor.com/function_store.php on line 92
[05-Jan-2026 04:10:01 UTC] PHP Parse error:  syntax error, unexpected '$save_sql' (T_VARIABLE) in /home/syjy0p3q5yjb/public_html/stressreleasor.com/function_store.php on line 89
[05-Jan-2026 04:10:48 UTC] PHP Parse error:  syntax error, unexpected '$save_sql' (T_VARIABLE) in /home/syjy0p3q5yjb/public_html/stressreleasor.com/function_store.php on line 90
[05-Jan-2026 11:28:03 UTC] PHP Parse error:  syntax error, unexpected end of file in /home/syjy0p3q5yjb/public_html/stressreleasor.com/function_store.php on line 2966
[05-Jan-2026 11:28:13 UTC] PHP Parse error:  syntax error, unexpected end of file in /home/syjy0p3q5yjb/public_html/stressreleasor.com/function_store.php on line 3784
[05-Jan-2026 12:08:14 UTC] PHP Parse error:  syntax error, unexpected '"  order by id DESC' (T_CONSTANT_ENCAPSED_STRING) in /home/syjy0p3q5yjb/public_html/stressreleasor.com/function_store.php on line 1583
[06-Jan-2026 00:52:57 UTC] PHP Parse error:  syntax error, unexpected end of file in /home/syjy0p3q5yjb/public_html/stressreleasor.com/function_store.php on line 3964
[07-Jan-2026 05:29:31 UTC] PHP Parse error:  syntax error, unexpected ';', expecting ')' in /home/syjy0p3q5yjb/public_html/stressreleasor.com/function_store.php on line 199
[07-Jan-2026 05:30:48 UTC] PHP Parse error:  syntax error, unexpected ';', expecting ')' in /home/syjy0p3q5yjb/public_html/stressreleasor.com/function_store.php on line 191
[07-Jan-2026 05:33:45 UTC]  came to audio function : 
[07-Jan-2026 05:33:45 UTC] PHP Fatal error:  Uncaught Error: Call to undefined function getActiveTopics() in /home/syjy0p3q5yjb/public_html/stressreleasor.com/data_handler.php:842
Stack trace:
#0 {main}
  thrown in /home/syjy0p3q5yjb/public_html/stressreleasor.com/data_handler.php on line 842
[07-Jan-2026 05:33:52 UTC]  came to audio function : 
[07-Jan-2026 05:33:52 UTC] PHP Fatal error:  Uncaught Error: Call to undefined function getActiveTopics() in /home/syjy0p3q5yjb/public_html/stressreleasor.com/data_handler.php:842
Stack trace:
#0 {main}
  thrown in /home/syjy0p3q5yjb/public_html/stressreleasor.com/data_handler.php on line 842
[07-Jan-2026 05:34:07 UTC]  came to audio function : 
[07-Jan-2026 05:34:07 UTC] PHP Fatal error:  Uncaught Error: Call to undefined function getActiveTopics() in /home/syjy0p3q5yjb/public_html/stressreleasor.com/data_handler.php:842
Stack trace:
#0 {main}
  thrown in /home/syjy0p3q5yjb/public_html/stressreleasor.com/data_handler.php on line 842
[07-Jan-2026 05:34:58 UTC]  came to audio function : 
[07-Jan-2026 05:34:58 UTC] PHP Fatal error:  Uncaught Error: Call to undefined function getActiveTopics() in /home/syjy0p3q5yjb/public_html/stressreleasor.com/data_handler.php:842
Stack trace:
#0 {main}
  thrown in /home/syjy0p3q5yjb/public_html/stressreleasor.com/data_handler.php on line 842
[07-Jan-2026 05:35:09 UTC]  came to audio function : 
[07-Jan-2026 05:35:09 UTC] PHP Fatal error:  Uncaught Error: Call to undefined function getActiveTopics() in /home/syjy0p3q5yjb/public_html/stressreleasor.com/data_handler.php:842
Stack trace:
#0 {main}
  thrown in /home/syjy0p3q5yjb/public_html/stressreleasor.com/data_handler.php on line 842
[07-Jan-2026 05:35:21 UTC]  came to audio function : 
[07-Jan-2026 05:35:21 UTC] PHP Fatal error:  Uncaught Error: Call to undefined function getActiveTopics() in /home/syjy0p3q5yjb/public_html/stressreleasor.com/data_handler.php:842
Stack trace:
#0 {main}
  thrown in /home/syjy0p3q5yjb/public_html/stressreleasor.com/data_handler.php on line 842
[07-Jan-2026 05:39:53 UTC]  came to audio function : 
[07-Jan-2026 05:39:53 UTC] PHP Fatal error:  Uncaught Error: Call to undefined function getActiveTopics() in /home/syjy0p3q5yjb/public_html/stressreleasor.com/data_handler.php:842
Stack trace:
#0 {main}
  thrown in /home/syjy0p3q5yjb/public_html/stressreleasor.com/data_handler.php on line 842
[07-Jan-2026 05:40:33 UTC]  came to audio function : 
[07-Jan-2026 05:40:33 UTC] PHP Fatal error:  Uncaught Error: Call to undefined function getActiveTopics() in /home/syjy0p3q5yjb/public_html/stressreleasor.com/data_handler.php:842
Stack trace:
#0 {main}
  thrown in /home/syjy0p3q5yjb/public_html/stressreleasor.com/data_handler.php on line 842
[07-Jan-2026 05:55:33 UTC]  came to audio function : 
[07-Jan-2026 05:55:33 UTC] PHP Fatal error:  Uncaught Error: Call to undefined function getActiveTopics() in /home/syjy0p3q5yjb/public_html/stressreleasor.com/data_handler.php:842
Stack trace:
#0 {main}
  thrown in /home/syjy0p3q5yjb/public_html/stressreleasor.com/data_handler.php on line 842
[07-Jan-2026 07:18:11 UTC] PHP Parse error:  syntax error, unexpected ''[nickname'' (T_CONSTANT_ENCAPSED_STRING), expecting ')' in /home/syjy0p3q5yjb/public_html/stressreleasor.com/function_store.php on line 5028
[07-Jan-2026 09:26:52 UTC] PHP Parse error:  syntax error, unexpected '' (T_ENCAPSED_AND_WHITESPACE), expecting '-' or identifier (T_STRING) or variable (T_VARIABLE) or number (T_NUM_STRING) in /home/syjy0p3q5yjb/public_html/stressreleasor.com/function_store.php on line 5045
[07-Jan-2026 09:28:32 UTC] PHP Parse error:  syntax error, unexpected '' (T_ENCAPSED_AND_WHITESPACE), expecting '-' or identifier (T_STRING) or variable (T_VARIABLE) or number (T_NUM_STRING) in /home/syjy0p3q5yjb/public_html/stressreleasor.com/function_store.php on line 5045
[07-Jan-2026 09:53:47 UTC]  came to audio function : 
[07-Jan-2026 09:53:47 UTC] PHP Fatal error:  Uncaught Error: Call to undefined function getActiveTopics() in /home/syjy0p3q5yjb/public_html/stressreleasor.com/data_handler.php:842
Stack trace:
#0 {main}
  thrown in /home/syjy0p3q5yjb/public_html/stressreleasor.com/data_handler.php on line 842
[07-Jan-2026 09:53:49 UTC]  came to audio function : 
[07-Jan-2026 09:53:49 UTC] PHP Fatal error:  Uncaught Error: Call to undefined function getActiveTopics() in /home/syjy0p3q5yjb/public_html/stressreleasor.com/data_handler.php:842
Stack trace:
#0 {main}
  thrown in /home/syjy0p3q5yjb/public_html/stressreleasor.com/data_handler.php on line 842
[07-Jan-2026 09:54:00 UTC]  came to audio function : 
[07-Jan-2026 09:54:00 UTC] PHP Fatal error:  Uncaught Error: Call to undefined function getActiveTopics() in /home/syjy0p3q5yjb/public_html/stressreleasor.com/data_handler.php:842
Stack trace:
#0 {main}
  thrown in /home/syjy0p3q5yjb/public_html/stressreleasor.com/data_handler.php on line 842
[07-Jan-2026 09:55:04 UTC]  came to audio function : 
[07-Jan-2026 09:55:04 UTC] PHP Fatal error:  Uncaught Error: Call to undefined function getActiveTopics() in /home/syjy0p3q5yjb/public_html/stressreleasor.com/data_handler.php:842
Stack trace:
#0 {main}
  thrown in /home/syjy0p3q5yjb/public_html/stressreleasor.com/data_handler.php on line 842
[07-Jan-2026 09:56:52 UTC]  came to audio function : 
[07-Jan-2026 09:56:52 UTC] PHP Fatal error:  Uncaught Error: Call to undefined function getActiveTopics() in /home/syjy0p3q5yjb/public_html/stressreleasor.com/data_handler.php:842
Stack trace:
#0 {main}
  thrown in /home/syjy0p3q5yjb/public_html/stressreleasor.com/data_handler.php on line 842
[07-Jan-2026 10:42:08 UTC] PHP Parse error:  syntax error, unexpected '.' in /home/syjy0p3q5yjb/public_html/stressreleasor.com/function_store.php on line 2031
[07-Jan-2026 10:42:25 UTC] PHP Parse error:  syntax error, unexpected '.' in /home/syjy0p3q5yjb/public_html/stressreleasor.com/function_store.php on line 2031
[07-Jan-2026 10:42:36 UTC] PHP Parse error:  syntax error, unexpected '.' in /home/syjy0p3q5yjb/public_html/stressreleasor.com/function_store.php on line 2031
[07-Jan-2026 12:09:36 UTC]  came to audio function : 
[07-Jan-2026 12:09:36 UTC] PHP Fatal error:  Uncaught Error: Call to undefined function getActiveTopics() in /home/syjy0p3q5yjb/public_html/stressreleasor.com/data_handler.php:842
Stack trace:
#0 {main}
  thrown in /home/syjy0p3q5yjb/public_html/stressreleasor.com/data_handler.php on line 842
[07-Jan-2026 12:09:57 UTC]  came to audio function : 
[07-Jan-2026 12:09:57 UTC] PHP Fatal error:  Uncaught Error: Call to undefined function getActiveTopics() in /home/syjy0p3q5yjb/public_html/stressreleasor.com/data_handler.php:842
Stack trace:
#0 {main}
  thrown in /home/syjy0p3q5yjb/public_html/stressreleasor.com/data_handler.php on line 842
[07-Jan-2026 12:11:10 UTC]  came to audio function : 
[07-Jan-2026 12:11:10 UTC] PHP Fatal error:  Uncaught Error: Call to undefined function getActiveTopics() in /home/syjy0p3q5yjb/public_html/stressreleasor.com/data_handler.php:842
Stack trace:
#0 {main}
  thrown in /home/syjy0p3q5yjb/public_html/stressreleasor.com/data_handler.php on line 842
[07-Jan-2026 12:11:18 UTC]  came to audio function : 
[07-Jan-2026 12:11:18 UTC] PHP Fatal error:  Uncaught Error: Call to undefined function getActiveTopics() in /home/syjy0p3q5yjb/public_html/stressreleasor.com/data_handler.php:842
Stack trace:
#0 {main}
  thrown in /home/syjy0p3q5yjb/public_html/stressreleasor.com/data_handler.php on line 842
[08-Jan-2026 06:37:48 UTC]  came to audio function : 
[08-Jan-2026 06:37:48 UTC] PHP Fatal error:  Uncaught Error: Call to undefined function getActiveTopics() in /home/syjy0p3q5yjb/public_html/stressreleasor.com/data_handler.php:844
Stack trace:
#0 {main}
  thrown in /home/syjy0p3q5yjb/public_html/stressreleasor.com/data_handler.php on line 844
[08-Jan-2026 07:42:37 UTC] PHP Parse error:  syntax error, unexpected 'impact' (T_STRING), expecting ']' in /home/syjy0p3q5yjb/public_html/stressreleasor.com/function_store.php on line 145
[08-Jan-2026 07:43:21 UTC] PHP Parse error:  syntax error, unexpected 'impact' (T_STRING), expecting ']' in /home/syjy0p3q5yjb/public_html/stressreleasor.com/function_store.php on line 145
[08-Jan-2026 07:44:02 UTC] PHP Parse error:  syntax error, unexpected 'impact' (T_STRING), expecting ']' in /home/syjy0p3q5yjb/public_html/stressreleasor.com/function_store.php on line 145
[08-Jan-2026 07:46:19 UTC] PHP Parse error:  syntax error, unexpected 'impact' (T_STRING), expecting ']' in /home/syjy0p3q5yjb/public_html/stressreleasor.com/function_store.php on line 145
[08-Jan-2026 07:46:49 UTC] PHP Parse error:  syntax error, unexpected 'impact' (T_STRING), expecting ']' in /home/syjy0p3q5yjb/public_html/stressreleasor.com/function_store.php on line 145
[15-Jan-2026 19:44:06 UTC] PHP Parse error:  syntax error, unexpected '<', expecting end of file in /home/syjy0p3q5yjb/public_html/stressreleasor.com/function_store.php on line 5653
[15-Jan-2026 19:44:21 UTC] PHP Parse error:  syntax error, unexpected '<', expecting end of file in /home/syjy0p3q5yjb/public_html/stressreleasor.com/function_store.php on line 5653
[16-Jan-2026 08:31:15 UTC] PHP Parse error:  syntax error, unexpected 'else' (T_ELSE) in /home/syjy0p3q5yjb/public_html/stressreleasor.com/function_store.php on line 1280
[03-Feb-2026 21:05:59 UTC] PHP Parse error:  syntax error, unexpected ''[intensity'' (T_CONSTANT_ENCAPSED_STRING), expecting ']' in /home/syjy0p3q5yjb/public_html/stressreleasor.com/function_store.php on line 57
[03-Feb-2026 21:08:45 UTC] PHP Parse error:  syntax error, unexpected ''[intensity'' (T_CONSTANT_ENCAPSED_STRING), expecting ']' in /home/syjy0p3q5yjb/public_html/stressreleasor.com/function_store.php on line 57
[03-Feb-2026 21:10:32 UTC] PHP Parse error:  syntax error, unexpected ''[intensity'' (T_CONSTANT_ENCAPSED_STRING), expecting ']' in /home/syjy0p3q5yjb/public_html/stressreleasor.com/function_store.php on line 57
[03-Feb-2026 21:11:10 UTC] PHP Parse error:  syntax error, unexpected ''[intensity'' (T_CONSTANT_ENCAPSED_STRING), expecting ']' in /home/syjy0p3q5yjb/public_html/stressreleasor.com/function_store.php on line 57
[03-Feb-2026 21:13:06 UTC] PHP Parse error:  syntax error, unexpected ''[intensity'' (T_CONSTANT_ENCAPSED_STRING), expecting ']' in /home/syjy0p3q5yjb/public_html/stressreleasor.com/function_store.php on line 57
[03-Feb-2026 21:14:55 UTC] PHP Parse error:  syntax error, unexpected ''[intensity'' (T_CONSTANT_ENCAPSED_STRING), expecting ']' in /home/syjy0p3q5yjb/public_html/stressreleasor.com/function_store.php on line 57
[03-Feb-2026 21:20:52 UTC] PHP Parse error:  syntax error, unexpected ''[intensity'' (T_CONSTANT_ENCAPSED_STRING), expecting ']' in /home/syjy0p3q5yjb/public_html/stressreleasor.com/function_store.php on line 57
[03-Feb-2026 21:21:45 UTC] PHP Parse error:  syntax error, unexpected ''[intensity'' (T_CONSTANT_ENCAPSED_STRING), expecting ']' in /home/syjy0p3q5yjb/public_html/stressreleasor.com/function_store.php on line 57
[03-Feb-2026 21:23:48 UTC] PHP Parse error:  syntax error, unexpected ''[intensity'' (T_CONSTANT_ENCAPSED_STRING), expecting ']' in /home/syjy0p3q5yjb/public_html/stressreleasor.com/function_store.php on line 57
[03-Feb-2026 21:25:18 UTC] PHP Parse error:  syntax error, unexpected ''[intensity'' (T_CONSTANT_ENCAPSED_STRING), expecting ']' in /home/syjy0p3q5yjb/public_html/stressreleasor.com/function_store.php on line 57
[03-Feb-2026 21:27:41 UTC] PHP Parse error:  syntax error, unexpected ''[intensity'' (T_CONSTANT_ENCAPSED_STRING), expecting ']' in /home/syjy0p3q5yjb/public_html/stressreleasor.com/function_store.php on line 57
[03-Feb-2026 21:27:55 UTC] PHP Parse error:  syntax error, unexpected ''[intensity'' (T_CONSTANT_ENCAPSED_STRING), expecting ']' in /home/syjy0p3q5yjb/public_html/stressreleasor.com/function_store.php on line 57
[03-Feb-2026 21:29:33 UTC] PHP Parse error:  syntax error, unexpected ''[intensity'' (T_CONSTANT_ENCAPSED_STRING), expecting ']' in /home/syjy0p3q5yjb/public_html/stressreleasor.com/function_store.php on line 57
[04-Feb-2026 05:23:49 UTC] PHP Parse error:  syntax error, unexpected '' (T_ENCAPSED_AND_WHITESPACE), expecting '-' or identifier (T_STRING) or variable (T_VARIABLE) or number (T_NUM_STRING) in /home/syjy0p3q5yjb/public_html/stressreleasor.com/function_store.php on line 2158
[04-Feb-2026 05:24:37 UTC] PHP Parse error:  syntax error, unexpected '' (T_ENCAPSED_AND_WHITESPACE), expecting '-' or identifier (T_STRING) or variable (T_VARIABLE) or number (T_NUM_STRING) in /home/syjy0p3q5yjb/public_html/stressreleasor.com/function_store.php on line 2158
[04-Feb-2026 05:25:07 UTC] PHP Parse error:  syntax error, unexpected '' (T_ENCAPSED_AND_WHITESPACE), expecting '-' or identifier (T_STRING) or variable (T_VARIABLE) or number (T_NUM_STRING) in /home/syjy0p3q5yjb/public_html/stressreleasor.com/function_store.php on line 2158
[04-Feb-2026 05:25:57 UTC] PHP Parse error:  syntax error, unexpected '' (T_ENCAPSED_AND_WHITESPACE), expecting '-' or identifier (T_STRING) or variable (T_VARIABLE) or number (T_NUM_STRING) in /home/syjy0p3q5yjb/public_html/stressreleasor.com/function_store.php on line 2158
[04-Feb-2026 05:26:26 UTC] PHP Parse error:  syntax error, unexpected '' (T_ENCAPSED_AND_WHITESPACE), expecting '-' or identifier (T_STRING) or variable (T_VARIABLE) or number (T_NUM_STRING) in /home/syjy0p3q5yjb/public_html/stressreleasor.com/function_store.php on line 2158
[04-Feb-2026 05:26:58 UTC] PHP Parse error:  syntax error, unexpected '' (T_ENCAPSED_AND_WHITESPACE), expecting '-' or identifier (T_STRING) or variable (T_VARIABLE) or number (T_NUM_STRING) in /home/syjy0p3q5yjb/public_html/stressreleasor.com/function_store.php on line 2157
[04-Feb-2026 05:27:19 UTC] PHP Parse error:  syntax error, unexpected '' (T_ENCAPSED_AND_WHITESPACE), expecting '-' or identifier (T_STRING) or variable (T_VARIABLE) or number (T_NUM_STRING) in /home/syjy0p3q5yjb/public_html/stressreleasor.com/function_store.php on line 2157
[04-Feb-2026 05:27:31 UTC] PHP Parse error:  syntax error, unexpected '' (T_ENCAPSED_AND_WHITESPACE), expecting '-' or identifier (T_STRING) or variable (T_VARIABLE) or number (T_NUM_STRING) in /home/syjy0p3q5yjb/public_html/stressreleasor.com/function_store.php on line 2157
[04-Feb-2026 05:27:53 UTC] PHP Parse error:  syntax error, unexpected '' (T_ENCAPSED_AND_WHITESPACE), expecting '-' or identifier (T_STRING) or variable (T_VARIABLE) or number (T_NUM_STRING) in /home/syjy0p3q5yjb/public_html/stressreleasor.com/function_store.php on line 2157
[04-Feb-2026 05:28:14 UTC] PHP Parse error:  syntax error, unexpected '' (T_ENCAPSED_AND_WHITESPACE), expecting '-' or identifier (T_STRING) or variable (T_VARIABLE) or number (T_NUM_STRING) in /home/syjy0p3q5yjb/public_html/stressreleasor.com/function_store.php on line 2157
[04-Feb-2026 05:28:57 UTC] PHP Parse error:  syntax error, unexpected ''frequency'' (T_CONSTANT_ENCAPSED_STRING), expecting ')' in /home/syjy0p3q5yjb/public_html/stressreleasor.com/function_store.php on line 5179
[04-Feb-2026 05:29:47 UTC] PHP Parse error:  syntax error, unexpected ''frequency'' (T_CONSTANT_ENCAPSED_STRING), expecting ')' in /home/syjy0p3q5yjb/public_html/stressreleasor.com/function_store.php on line 5179
[04-Feb-2026 05:30:28 UTC] PHP Parse error:  syntax error, unexpected ''frequency'' (T_CONSTANT_ENCAPSED_STRING), expecting ')' in /home/syjy0p3q5yjb/public_html/stressreleasor.com/function_store.php on line 5179
[04-Feb-2026 05:30:40 UTC] PHP Parse error:  syntax error, unexpected ''frequency'' (T_CONSTANT_ENCAPSED_STRING), expecting ')' in /home/syjy0p3q5yjb/public_html/stressreleasor.com/function_store.php on line 5179
[04-Feb-2026 05:31:57 UTC] PHP Parse error:  syntax error, unexpected ''frequency'' (T_CONSTANT_ENCAPSED_STRING), expecting ')' in /home/syjy0p3q5yjb/public_html/stressreleasor.com/function_store.php on line 5179
[04-Feb-2026 05:34:34 UTC] PHP Parse error:  syntax error, unexpected ''frequency'' (T_CONSTANT_ENCAPSED_STRING), expecting ')' in /home/syjy0p3q5yjb/public_html/stressreleasor.com/function_store.php on line 5179
[04-Feb-2026 05:34:44 UTC] PHP Parse error:  syntax error, unexpected ''frequency'' (T_CONSTANT_ENCAPSED_STRING), expecting ')' in /home/syjy0p3q5yjb/public_html/stressreleasor.com/function_store.php on line 5179
[04-Feb-2026 05:35:25 UTC] PHP Parse error:  syntax error, unexpected ''frequency'' (T_CONSTANT_ENCAPSED_STRING), expecting ')' in /home/syjy0p3q5yjb/public_html/stressreleasor.com/function_store.php on line 5136
[04-Feb-2026 05:35:59 UTC] PHP Parse error:  syntax error, unexpected ''frequency'' (T_CONSTANT_ENCAPSED_STRING), expecting ')' in /home/syjy0p3q5yjb/public_html/stressreleasor.com/function_store.php on line 5136
[09-Feb-2026 03:38:52 UTC] PHP Parse error:  syntax error, unexpected '=' in /home/syjy0p3q5yjb/public_html/stressreleasor.com/function_store.php on line 1599
[09-Feb-2026 03:39:32 UTC] PHP Parse error:  syntax error, unexpected '=' in /home/syjy0p3q5yjb/public_html/stressreleasor.com/function_store.php on line 1599
[09-Feb-2026 03:40:00 UTC] PHP Parse error:  syntax error, unexpected 'return' (T_RETURN) in /home/syjy0p3q5yjb/public_html/stressreleasor.com/function_store.php on line 1624
[09-Feb-2026 03:41:21 UTC] PHP Parse error:  syntax error, unexpected 'return' (T_RETURN) in /home/syjy0p3q5yjb/public_html/stressreleasor.com/function_store.php on line 1624
[09-Feb-2026 03:41:39 UTC] PHP Parse error:  syntax error, unexpected 'return' (T_RETURN) in /home/syjy0p3q5yjb/public_html/stressreleasor.com/function_store.php on line 1624
[09-Feb-2026 03:45:35 UTC] PHP Parse error:  syntax error, unexpected 'return' (T_RETURN) in /home/syjy0p3q5yjb/public_html/stressreleasor.com/function_store.php on line 1624
[09-Feb-2026 03:46:53 UTC] PHP Parse error:  syntax error, unexpected 'return' (T_RETURN) in /home/syjy0p3q5yjb/public_html/stressreleasor.com/function_store.php on line 1623
[09-Feb-2026 03:47:58 UTC] PHP Parse error:  syntax error, unexpected 'return' (T_RETURN) in /home/syjy0p3q5yjb/public_html/stressreleasor.com/function_store.php on line 1616
[09-Feb-2026 03:48:39 UTC] PHP Parse error:  syntax error, unexpected 'return' (T_RETURN) in /home/syjy0p3q5yjb/public_html/stressreleasor.com/function_store.php on line 1616
[09-Feb-2026 03:49:10 UTC] PHP Parse error:  syntax error, unexpected 'return' (T_RETURN) in /home/syjy0p3q5yjb/public_html/stressreleasor.com/function_store.php on line 1616
[09-Feb-2026 03:49:20 UTC] PHP Parse error:  syntax error, unexpected 'return' (T_RETURN) in /home/syjy0p3q5yjb/public_html/stressreleasor.com/function_store.php on line 1618
[09-Feb-2026 03:50:43 UTC] PHP Parse error:  syntax error, unexpected '=' in /home/syjy0p3q5yjb/public_html/stressreleasor.com/function_store.php on line 1599
[09-Feb-2026 03:50:57 UTC] PHP Parse error:  syntax error, unexpected '=' in /home/syjy0p3q5yjb/public_html/stressreleasor.com/function_store.php on line 1599
[09-Feb-2026 03:51:45 UTC] PHP Parse error:  syntax error, unexpected '=' in /home/syjy0p3q5yjb/public_html/stressreleasor.com/function_store.php on line 1599
[09-Feb-2026 04:13:53 UTC] PHP Parse error:  syntax error, unexpected ')', expecting ']' in /home/syjy0p3q5yjb/public_html/stressreleasor.com/function_store.php on line 1603
[09-Feb-2026 04:14:00 UTC] PHP Parse error:  syntax error, unexpected ')', expecting ']' in /home/syjy0p3q5yjb/public_html/stressreleasor.com/function_store.php on line 1603
[09-Feb-2026 05:07:25 UTC] PHP Parse error:  syntax error, unexpected 'if' (T_IF) in /home/syjy0p3q5yjb/public_html/stressreleasor.com/function_store.php on line 1611
[09-Feb-2026 06:05:15 UTC] PHP Parse error:  syntax error, unexpected '.' in /home/syjy0p3q5yjb/public_html/stressreleasor.com/function_store.php on line 1618
[09-Feb-2026 06:05:38 UTC] PHP Parse error:  syntax error, unexpected 'htmlspecialchars' (T_STRING), expecting ')' in /home/syjy0p3q5yjb/public_html/stressreleasor.com/function_store.php on line 1619
[09-Feb-2026 06:06:03 UTC] PHP Parse error:  syntax error, unexpected 'error_log' (T_STRING), expecting ')' in /home/syjy0p3q5yjb/public_html/stressreleasor.com/function_store.php on line 1618
[09-Feb-2026 06:06:37 UTC] PHP Parse error:  syntax error, unexpected ';', expecting ')' in /home/syjy0p3q5yjb/public_html/stressreleasor.com/function_store.php on line 1617
