Job: stitch_780_1779420766
Downloading scene 0: https://www.videovizard.com/published_videos/podcast_780_scene_0.webm
  -> 0.66 MB
Downloading scene 1: https://www.videovizard.com/published_videos/podcast_780_scene_1.webm
  -> 0.58 MB
Downloading scene 2: https://www.videovizard.com/published_videos/podcast_780_scene_2.webm
  -> 0.86 MB
Downloading scene 3: https://www.videovizard.com/published_videos/podcast_780_scene_3.webm
  -> 0.7 MB
Downloading scene 4: https://www.videovizard.com/published_videos/podcast_780_scene_4.webm
  -> 0.65 MB
Downloading scene 5: https://www.videovizard.com/published_videos/podcast_780_scene_5.webm
  -> 0.72 MB
Downloading scene 6: https://www.videovizard.com/published_videos/podcast_780_scene_6.webm
  -> 0.71 MB
Downloading scene 7: https://www.videovizard.com/published_videos/podcast_780_scene_7.webm
  -> 0.63 MB
Stitching 8 clips...
Stitched: 5.52 MB
Converting to MP4...
MP4 ready: 22.91 MB
PHP Warning:  chown(): Operation not permitted in /var/www/html/videovizard.com/vps_stitch.php on line 161
Copied to: /var/www/html/videovizard.com/published_videos/podcast_780.mp4
Done.
